

Processing HomeController#index (for 127.0.0.1 at 2011-04-23 19:23:35) [GET]

TypeError (can't convert true into String):
  app/controllers/application_controller.rb:17:in `[]='
  app/controllers/application_controller.rb:17:in `fake_env'

Rendered rescues/_trace (60.0ms)
Rendered rescues/_request_and_response (0.0ms)
Rendering rescues/layout (internal_server_error)


Processing HomeController#index (for 127.0.0.1 at 2011-04-23 19:24:02) [GET]

ActionController::UnknownAction (No action responded to index. Actions: fake_env):
  

Rendering rescues/layout (not_found)


Processing HomeController#index (for 127.0.0.1 at 2011-04-23 19:24:19) [GET]

ActionController::UnknownAction (No action responded to index. Actions: fake_env):
  

Rendering rescues/layout (not_found)


Processing HomeController#index (for 127.0.0.1 at 2011-04-23 19:24:52) [GET]
Rendering template within layouts/application
Rendering home/index
Completed in 111ms (View: 111 | 200 OK [http://localhost/]


Processing HomeController#index (for 127.0.0.1 at 2011-04-23 19:25:11) [GET]
Rendering template within layouts/application
Rendering home/index
Completed in 20ms (View: 10 | 200 OK [http://localhost/]


Processing HomeController#index (for 127.0.0.1 at 2011-04-23 19:25:20) [GET]
Rendering template within layouts/application
Rendering home/index
Completed in 10ms (View: 10 | 200 OK [http://localhost/]


Processing HomeController#index (for 127.0.0.1 at 2011-04-23 19:25:23) [GET]
Rendering template within layouts/application
Rendering home/index
Completed in 14ms (View: 12 | 200 OK [http://localhost/]


Processing HomeController#index (for 127.0.0.1 at 2011-04-23 19:25:24) [GET]
Rendering template within layouts/application
Rendering home/index
Completed in 10ms (View: 10 | 200 OK [http://localhost/]


Processing HomeController#index (for 127.0.0.1 at 2011-04-23 19:25:26) [GET]
Rendering template within layouts/application
Rendering home/index
Completed in 16ms (View: 14 | 200 OK [http://localhost/]


Processing HomeController#index (for 127.0.0.1 at 2011-04-23 19:25:27) [GET]
Rendering template within layouts/application
Rendering home/index
Completed in 10ms (View: 10 | 200 OK [http://localhost/]


Processing HomeController#index (for 127.0.0.1 at 2011-04-23 19:25:29) [GET]
Rendering template within layouts/application
Rendering home/index
Completed in 10ms (View: 10 | 200 OK [http://localhost/]


Processing HomeController#index (for 127.0.0.1 at 2011-04-23 19:25:30) [GET]
Rendering template within layouts/application
Rendering home/index
Completed in 10ms (View: 10 | 200 OK [http://localhost/]


Processing HomeController#index (for 127.0.0.1 at 2011-04-23 19:25:32) [GET]
Rendering template within layouts/application
Rendering home/index
Completed in 9ms (View: 7 | 200 OK [http://localhost/]


Processing HomeController#index (for 127.0.0.1 at 2011-04-23 19:25:34) [GET]
Rendering template within layouts/application
Rendering home/index
Completed in 10ms (View: 10 | 200 OK [http://localhost/]


Processing HomeController#index (for 127.0.0.1 at 2011-04-23 19:25:35) [GET]
Rendering template within layouts/application
Rendering home/index
Completed in 10ms (View: 10 | 200 OK [http://localhost/]


Processing HomeController#index (for 127.0.0.1 at 2011-04-23 19:25:37) [GET]
Rendering template within layouts/application
Rendering home/index
Completed in 8ms (View: 5 | 200 OK [http://localhost/]


Processing HomeController#index (for 127.0.0.1 at 2011-04-23 19:25:39) [GET]
Rendering template within layouts/application
Rendering home/index
Completed in 15ms (View: 12 | 200 OK [http://localhost/]


Processing HomeController#index (for 127.0.0.1 at 2011-04-23 19:25:40) [GET]
Rendering template within layouts/application
Rendering home/index
Completed in 10ms (View: 10 | 200 OK [http://localhost/]


Processing HomeController#index (for 127.0.0.1 at 2011-04-23 19:26:14) [GET]
Rendering template within layouts/application
Rendering home/index
Completed in 21ms (View: 21 | 200 OK [http://localhost/]


Processing HomeController#index (for 127.0.0.1 at 2011-04-23 19:26:16) [GET]
Rendering template within layouts/application
Rendering home/index
Completed in 20ms (View: 20 | 200 OK [http://localhost/]


Processing HomeController#index (for 127.0.0.1 at 2011-04-23 19:26:17) [GET]
Rendering template within layouts/application
Rendering home/index
Completed in 20ms (View: 10 | 200 OK [http://localhost/]


Processing HomeController#index (for 127.0.0.1 at 2011-04-23 19:26:19) [GET]
Rendering template within layouts/application
Rendering home/index
Completed in 10ms (View: 10 | 200 OK [http://localhost/]


Processing HomeController#index (for 127.0.0.1 at 2011-04-23 19:26:40) [GET]
Rendering template within layouts/application
Rendering home/index
Completed in 80ms (View: 80 | 200 OK [http://localhost/]


Processing HomeController#index (for 127.0.0.1 at 2011-04-23 19:26:49) [GET]
Rendering template within layouts/application
Rendering home/index
Completed in 20ms (View: 20 | 200 OK [http://localhost/]


Processing HomeController#index (for 127.0.0.1 at 2011-04-23 19:26:51) [GET]
Rendering template within layouts/application
Rendering home/index
Completed in 10ms (View: 10 | 200 OK [http://localhost/]


Processing HomeController#index (for 127.0.0.1 at 2011-04-23 19:28:19) [GET]
Rendering template within layouts/application
Rendering home/index
Completed in 70ms (View: 70 | 200 OK [http://localhost/]


Processing HomeController#index (for 127.0.0.1 at 2011-04-23 19:28:23) [GET]
Rendering template within layouts/application
Rendering home/index
Completed in 20ms (View: 10 | 200 OK [http://localhost/]


Processing HomeController#index (for 127.0.0.1 at 2011-04-23 19:28:24) [GET]
Rendering template within layouts/application
Rendering home/index
Completed in 10ms (View: 10 | 200 OK [http://localhost/]


Processing HomeController#index (for 127.0.0.1 at 2011-04-23 19:28:26) [GET]
Rendering template within layouts/application
Rendering home/index
Completed in 20ms (View: 20 | 200 OK [http://localhost/]


Processing HomeController#index (for 127.0.0.1 at 2011-04-23 19:28:28) [GET]
Rendering template within layouts/application
Rendering home/index
Completed in 10ms (View: 10 | 200 OK [http://localhost/]


Processing HomeController#index (for 127.0.0.1 at 2011-04-23 19:28:29) [GET]
Rendering template within layouts/application
Rendering home/index
Completed in 20ms (View: 10 | 200 OK [http://localhost/]


Processing HomeController#index (for 127.0.0.1 at 2011-04-23 19:28:31) [GET]
Rendering template within layouts/application
Rendering home/index
Completed in 15ms (View: 15 | 200 OK [http://localhost/]


Processing HomeController#index (for 127.0.0.1 at 2011-04-23 19:28:32) [GET]
Rendering template within layouts/application
Rendering home/index
Completed in 20ms (View: 10 | 200 OK [http://localhost/]


Processing HomeController#index (for 127.0.0.1 at 2011-04-23 19:28:34) [GET]
Rendering template within layouts/application
Rendering home/index
Completed in 20ms (View: 10 | 200 OK [http://localhost/]


Processing HomeController#index (for 127.0.0.1 at 2011-04-23 19:28:36) [GET]
Rendering template within layouts/application
Rendering home/index
Completed in 10ms (View: 10 | 200 OK [http://localhost/]


Processing HomeController#index (for 127.0.0.1 at 2011-04-23 19:28:37) [GET]
Rendering template within layouts/application
Rendering home/index
Completed in 20ms (View: 10 | 200 OK [http://localhost/]


Processing HomeController#index (for 127.0.0.1 at 2011-04-23 19:28:39) [GET]
Rendering template within layouts/application
Rendering home/index
Completed in 20ms (View: 10 | 200 OK [http://localhost/]


Processing HomeController#index (for 127.0.0.1 at 2011-04-23 19:28:40) [GET]
Rendering template within layouts/application
Rendering home/index
Completed in 20ms (View: 20 | 200 OK [http://localhost/]


Processing HomeController#index (for 127.0.0.1 at 2011-04-23 19:28:42) [GET]
Rendering template within layouts/application
Rendering home/index
Completed in 20ms (View: 10 | 200 OK [http://localhost/]


Processing HomeController#index (for 127.0.0.1 at 2011-04-23 19:29:24) [GET]
Rendering template within layouts/application
Rendering home/index
Completed in 60ms (View: 60 | 200 OK [http://localhost/]


Processing HomeController#index (for 127.0.0.1 at 2011-04-23 19:29:28) [GET]
Rendering template within layouts/application
Rendering home/index
Completed in 10ms (View: 10 | 200 OK [http://localhost/]


Processing HomeController#index (for 127.0.0.1 at 2011-04-23 19:29:33) [GET]
Rendering template within layouts/application
Rendering home/index
Completed in 20ms (View: 10 | 200 OK [http://localhost/]


Processing HomeController#index (for 127.0.0.1 at 2011-04-23 19:36:43) [GET]
Rendering template within layouts/application
Rendering home/index
Completed in 70ms (View: 68 | 200 OK [http://localhost/]


Processing HomeController#index (for 127.0.0.1 at 2011-04-23 19:36:52) [GET]
Rendering template within layouts/application
Rendering home/index
Completed in 14ms (View: 12 | 200 OK [http://localhost/]


Processing HomeController#index (for 127.0.0.1 at 2011-04-23 19:36:54) [GET]
Rendering template within layouts/application
Rendering home/index
Completed in 14ms (View: 12 | 200 OK [http://localhost/]


Processing HomeController#index (for 127.0.0.1 at 2011-04-23 19:36:55) [GET]
Rendering template within layouts/application
Rendering home/index
Completed in 13ms (View: 11 | 200 OK [http://localhost/]


Processing HomeController#index (for 127.0.0.1 at 2011-04-23 19:36:57) [GET]
Rendering template within layouts/application
Rendering home/index
Completed in 14ms (View: 11 | 200 OK [http://localhost/]
